Using pre-set license
Built from '2020.2/release' branch; Version is '2020.2.2f1 (068178b99f32) revision 426360'; Using compiler version '192528614'; Build Type 'Release'
OS: 'Windows 10 Pro; OS build 19043.1348; Version 2009; 64bit' Language: 'en' Physical Memory: 16186 MB
BatchMode: 1, IsHumanControllingUs: 0, StartBugReporterOnCrash: 0, Is64bit: 1, IsPro: 0

 COMMAND LINE ARGUMENTS:
C:\Program Files\Unity\Hub\Editor\2020.2.2f1\Editor\Unity.exe
-adb2
-batchMode
-noUpm
-name
AssetImportWorker0
-projectPath
C:/Users/casde/OneDrive/Documenten/GitHub/Shaders/Portals
-logFile
Logs/AssetImportWorker0.log
-srvPort
49202
Successfully changed project path to: C:/Users/casde/OneDrive/Documenten/GitHub/Shaders/Portals
C:/Users/casde/OneDrive/Documenten/GitHub/Shaders/Portals
Using Asset Import Pipeline V2.
Refreshing native plugins compatible for Editor in 47.82 ms, found 0 plugins.
Preloading 0 native plugins for Editor in 0.00 ms.
Initialize engine version: 2020.2.2f1 (068178b99f32)
[Subsystems] Discovering subsystems at path C:/Program Files/Unity/Hub/Editor/2020.2.2f1/Editor/Data/Resources/UnitySubsystems
[Subsystems] Discovering subsystems at path C:/Users/casde/OneDrive/Documenten/GitHub/Shaders/Portals/Assets
GfxDevice: creating device client; threaded=0
Direct3D:
    Version:  Direct3D 11.0 [level 11.1]
    Renderer: AMD Radeon Pro WX3200 Graphics (ID=0x6981)
    Vendor:   
    VRAM:     4076 MB
    Driver:   27.20.14534.1003
Initialize mono
Mono path[0] = 'C:/Program Files/Unity/Hub/Editor/2020.2.2f1/Editor/Data/Managed'
Mono path[1] = 'C:/Program Files/Unity/Hub/Editor/2020.2.2f1/Editor/Data/MonoBleedingEdge/lib/mono/unityjit'
Mono config path = 'C:/Program Files/Unity/Hub/Editor/2020.2.2f1/Editor/Data/MonoBleedingEdge/etc'
Using monoOptions --debugger-agent=transport=dt_socket,embedding=1,server=y,suspend=n,address=127.0.0.1:56028
Begin MonoManager ReloadAssembly
Registering precompiled unity dll's ...
Register platform support module: C:/Program Files/Unity/Hub/Editor/2020.2.2f1/Editor/Data/PlaybackEngines/WindowsStandaloneSupport/UnityEditor.WindowsStandalone.Extensions.dll
Registered in 0.008432 seconds.
Native extension for WindowsStandalone target not found
Refreshing native plugins compatible for Editor in 61.57 ms, found 0 plugins.
Preloading 0 native plugins for Editor in 0.00 ms.
Invoked RoslynAnalysisRunner static constructor.
RoslynAnalysisRunner will not be running.
RoslynAnalysisRunner has terminated.
Mono: successfully reloaded assembly
- Completed reload, in  9.652 seconds
Platform modules already initialized, skipping
Registering precompiled user dll's ...
Registered in 0.002463 seconds.
Begin MonoManager ReloadAssembly
Native extension for WindowsStandalone target not found
Refreshing native plugins compatible for Editor in 0.44 ms, found 0 plugins.
Preloading 0 native plugins for Editor in 0.00 ms.
Invoked RoslynAnalysisRunner static constructor.
RoslynAnalysisRunner will not be running.
RoslynAnalysisRunner has terminated.
Mono: successfully reloaded assembly
- Completed reload, in  2.495 seconds
Platform modules already initialized, skipping
========================================================================
Worker process is ready to serve import requests
Launched and connected shader compiler UnityShaderCompiler.exe after 0.10 seconds
Refreshing native plugins compatible for Editor in 0.29 ms, found 0 plugins.
Preloading 0 native plugins for Editor in 0.00 ms.
Unloading 1103 Unused Serialized files (Serialized files now loaded: 0)
System memory in use before: 57.2 MB.
System memory in use after: 57.3 MB.

Unloading 10 unused Assets to reduce memory usage. Loaded Objects now: 1546.
Total: 3.043700 ms (FindLiveObjects: 0.253800 ms CreateObjectMapping: 0.075300 ms MarkObjects: 2.598600 ms  DeleteObjects: 0.113500 ms)

========================================================================
Received Import Request.
  path: Assets/Scripts/PortalTeleporter.cs
  artifactKey: Guid(a1204c6739c2df54f83f77fde2b1fecf) Importer(815301076,1909f56bfc062723c751e8b465ee728b)
Start importing Assets/Scripts/PortalTeleporter.cs using Guid(a1204c6739c2df54f83f77fde2b1fecf) Importer(815301076,1909f56bfc062723c751e8b465ee728b)  -> (artifact id: 'dacadc62ee184d034b54576eedf1c97a') in 0.080066 seconds
  Import took 0.085410 seconds .

========================================================================
Received Prepare
Refreshing native plugins compatible for Editor in 2.08 ms, found 0 plugins.
Preloading 0 native plugins for Editor in 0.00 ms.
Unloading 3 Unused Serialized files (Serialized files now loaded: 0)
System memory in use before: 35.6 MB.
System memory in use after: 35.7 MB.

Unloading 3 unused Assets to reduce memory usage. Loaded Objects now: 1546.
Total: 2.443400 ms (FindLiveObjects: 0.331200 ms CreateObjectMapping: 0.081700 ms MarkObjects: 1.965900 ms  DeleteObjects: 0.062700 ms)

========================================================================
Received Import Request.
  Time since last request: 164.943665 seconds.
  path: Assets/Scripts/Balcon.cs
  artifactKey: Guid(38bbba161de33a84081c5483e1b64b1f) Importer(815301076,1909f56bfc062723c751e8b465ee728b)
Start importing Assets/Scripts/Balcon.cs using Guid(38bbba161de33a84081c5483e1b64b1f) Importer(815301076,1909f56bfc062723c751e8b465ee728b)  -> (artifact id: '2a9389f9358b6a5c0948b94a04977f65') in 0.023720 seconds
  Import took 0.028717 seconds .

========================================================================
Received Import Request.
  Time since last request: 0.027708 seconds.
  path: Assets/Scripts/Balcon.cs
  artifactKey: Guid(38bbba161de33a84081c5483e1b64b1f) Importer(815301076,1909f56bfc062723c751e8b465ee728b)
Start importing Assets/Scripts/Balcon.cs using Guid(38bbba161de33a84081c5483e1b64b1f) Importer(815301076,1909f56bfc062723c751e8b465ee728b)  -> (artifact id: '2a9389f9358b6a5c0948b94a04977f65') in 0.020796 seconds
  Import took 0.024917 seconds .

========================================================================
Received Import Request.
  Time since last request: 18.990296 seconds.
  path: Assets/Scenes/Test.unity
  artifactKey: Guid(9fc0d4010bbf28b4594072e72b8655ab) Importer(815301076,1909f56bfc062723c751e8b465ee728b)
Start importing Assets/Scenes/Test.unity using Guid(9fc0d4010bbf28b4594072e72b8655ab) Importer(815301076,1909f56bfc062723c751e8b465ee728b)  -> (artifact id: '79e5daeeac3f960d9d2edafdaa03acf3') in 0.043492 seconds
  Import took 0.047272 seconds .

========================================================================
Received Prepare
Registering precompiled user dll's ...
Registered in 0.001452 seconds.
Begin MonoManager ReloadAssembly
Native extension for WindowsStandalone target not found
Refreshing native plugins compatible for Editor in 0.50 ms, found 0 plugins.
Preloading 0 native plugins for Editor in 0.00 ms.
Invoked RoslynAnalysisRunner static constructor.
RoslynAnalysisRunner will not be running.
RoslynAnalysisRunner has terminated.
Mono: successfully reloaded assembly
- Completed reload, in  1.543 seconds
Platform modules already initialized, skipping
Refreshing native plugins compatible for Editor in 0.38 ms, found 0 plugins.
Preloading 0 native plugins for Editor in 0.00 ms.
Unloading 1098 Unused Serialized files (Serialized files now loaded: 0)
System memory in use before: 57.7 MB.
System memory in use after: 57.8 MB.

Unloading 5 unused Assets to reduce memory usage. Loaded Objects now: 1548.
Total: 4.455000 ms (FindLiveObjects: 0.348900 ms CreateObjectMapping: 0.148600 ms MarkObjects: 3.813900 ms  DeleteObjects: 0.139900 ms)

========================================================================
Received Import Request.
  Time since last request: 15.303008 seconds.
  path: Assets/Scenes/Main.unity
  artifactKey: Guid(e3a0ef8eeca42ed47aa86ce2a2f4d3a4) Importer(815301076,1909f56bfc062723c751e8b465ee728b)
Start importing Assets/Scenes/Main.unity using Guid(e3a0ef8eeca42ed47aa86ce2a2f4d3a4) Importer(815301076,1909f56bfc062723c751e8b465ee728b)  -> (artifact id: '734f77ddfa02b5c82a9b06f8a8e5e868') in 0.035521 seconds
  Import took 0.039829 seconds .

========================================================================
Received Import Request.
  Time since last request: 0.000428 seconds.
  path: Assets/Scenes/Portals.unity
  artifactKey: Guid(3b8e6b501c0a26e458489ddbf8393d2d) Importer(815301076,1909f56bfc062723c751e8b465ee728b)
Start importing Assets/Scenes/Portals.unity using Guid(3b8e6b501c0a26e458489ddbf8393d2d) Importer(815301076,1909f56bfc062723c751e8b465ee728b)  -> (artifact id: 'b7767bdd80552a55eb1c7fc9c385d739') in 0.021808 seconds
  Import took 0.025643 seconds .

========================================================================
Received Prepare
Registering precompiled user dll's ...
Registered in 0.001819 seconds.
Begin MonoManager ReloadAssembly
Native extension for WindowsStandalone target not found
Refreshing native plugins compatible for Editor in 0.27 ms, found 0 plugins.
Preloading 0 native plugins for Editor in 0.00 ms.
Invoked RoslynAnalysisRunner static constructor.
RoslynAnalysisRunner will not be running.
RoslynAnalysisRunner has terminated.
Mono: successfully reloaded assembly
- Completed reload, in  1.636 seconds
Platform modules already initialized, skipping
Refreshing native plugins compatible for Editor in 0.33 ms, found 0 plugins.
Preloading 0 native plugins for Editor in 0.00 ms.
Unloading 1097 Unused Serialized files (Serialized files now loaded: 0)
System memory in use before: 58.0 MB.
System memory in use after: 58.1 MB.

Unloading 6 unused Assets to reduce memory usage. Loaded Objects now: 1549.
Total: 2.114700 ms (FindLiveObjects: 0.184100 ms CreateObjectMapping: 0.052700 ms MarkObjects: 1.792400 ms  DeleteObjects: 0.083800 ms)

========================================================================
Received Import Request.
  Time since last request: 58.030583 seconds.
  path: Assets/Scripts/MouseCamera.cs
  artifactKey: Guid(c61ede4750d51db4ab475c8476af8436) Importer(815301076,1909f56bfc062723c751e8b465ee728b)
Start importing Assets/Scripts/MouseCamera.cs using Guid(c61ede4750d51db4ab475c8476af8436) Importer(815301076,1909f56bfc062723c751e8b465ee728b)  -> (artifact id: '8dcce5959b968fb818d70bd639af17a2') in 0.028553 seconds
  Import took 0.035418 seconds .

========================================================================
Received Prepare
Registering precompiled user dll's ...
Registered in 0.002365 seconds.
Begin MonoManager ReloadAssembly
Native extension for WindowsStandalone target not found
Refreshing native plugins compatible for Editor in 0.45 ms, found 0 plugins.
Preloading 0 native plugins for Editor in 0.00 ms.
Invoked RoslynAnalysisRunner static constructor.
RoslynAnalysisRunner will not be running.
RoslynAnalysisRunner has terminated.
Mono: successfully reloaded assembly
- Completed reload, in  2.076 seconds
Platform modules already initialized, skipping
Refreshing native plugins compatible for Editor in 0.34 ms, found 0 plugins.
Preloading 0 native plugins for Editor in 0.00 ms.
Unloading 1097 Unused Serialized files (Serialized files now loaded: 0)
System memory in use before: 58.3 MB.
System memory in use after: 58.4 MB.

Unloading 5 unused Assets to reduce memory usage. Loaded Objects now: 1551.
Total: 2.818700 ms (FindLiveObjects: 0.276100 ms CreateObjectMapping: 0.074800 ms MarkObjects: 2.381200 ms  DeleteObjects: 0.084000 ms)

========================================================================
Received Prepare
Registering precompiled user dll's ...
Registered in 0.002167 seconds.
Begin MonoManager ReloadAssembly
Native extension for WindowsStandalone target not found
Refreshing native plugins compatible for Editor in 0.46 ms, found 0 plugins.
Preloading 0 native plugins for Editor in 0.00 ms.
Invoked RoslynAnalysisRunner static constructor.
RoslynAnalysisRunner will not be running.
RoslynAnalysisRunner has terminated.
Mono: successfully reloaded assembly
- Completed reload, in  2.207 seconds
Platform modules already initialized, skipping
Refreshing native plugins compatible for Editor in 1.19 ms, found 0 plugins.
Preloading 0 native plugins for Editor in 0.00 ms.
Unloading 1097 Unused Serialized files (Serialized files now loaded: 0)
System memory in use before: 58.6 MB.
System memory in use after: 58.7 MB.

Unloading 5 unused Assets to reduce memory usage. Loaded Objects now: 1553.
Total: 4.150900 ms (FindLiveObjects: 0.362500 ms CreateObjectMapping: 0.085400 ms MarkObjects: 3.566600 ms  DeleteObjects: 0.133600 ms)

